#
# A fatal error has been detected by the Java Runtime Environment:
#
#  SIGSEGV (0xb) at pc=0x00000001036eeae7, pid=1934, tid=0x0000000000001b03
#
# JRE version: Java(TM) SE Runtime Environment (8.0_112-b16) (build 1.8.0_112-b16)
# Java VM: Java HotSpot(TM) 64-Bit Server VM (25.112-b16 mixed mode bsd-amd64 compressed oops)
# Problematic frame:
# V  [libjvm.dylib+0x2eeae7]  java_lang_Class::is_primitive(oopDesc*)+0xb
#
# Failed to write core dump. Core dumps have been disabled. To enable core dumping, try "ulimit -c unlimited" before starting Java again
#
# If you would like to submit a bug report, please visit:
#   http://bugreport.java.com/bugreport/crash.jsp
#

---------------  T H R E A D  ---------------

Current thread (0x00007f8b50005000):  JavaThread "main" [_thread_in_vm, id=6915, stack(0x000070000b4bd000,0x000070000b5bd000)]

siginfo: si_signo: 11 (SIGSEGV), si_code: 0 (unknown), si_addr: 0x0000000000000000

Registers:
RAX=0x0000000000000048, RBX=0x00007f8b50005000, RCX=0x0000000000000028, RDX=0x0000000000000000
RSP=0x000070000b5bc750, RBP=0x000070000b5bc750, RSI=0x000000010869ffa6, RDI=0x6c43656c706d6953
R8 =0x0000000000009b68, R9 =0x00007fff9cebff70, R10=0xffffffffffffffff, R11=0x0000000000012068
R12=0x000000010869ff90, R13=0x00007f8b4f4316e0, R14=0x0000000105ab6320, R15=0x000000010869ff9c
RIP=0x00000001036eeae7, EFLAGS=0x0000000000010202, ERR=0x0000000000000000
  TRAPNO=0x000000000000000d

Top of Stack: (sp=0x000070000b5bc750)
0x000070000b5bc750:   000070000b5bc7a0 0000000103724e9d
0x000070000b5bc760:   0000000000000000 00007f8b50005000
0x000070000b5bc770:   00009b682798ab4f 000000010869ffa6
0x000070000b5bc780:   00007f8b500051f8 00007f8b50005000
0x000070000b5bc790:   000000010869ff9c 000000010869ff90
0x000070000b5bc7a0:   000070000b5bc810 0000000103714c57
0x000070000b5bc7b0:   000070000b5bc810 00007f8b50005000
0x000070000b5bc7c0:   0000000000000000 00007f8b50005000
0x000070000b5bc7d0:   0000000000000000 00007f8b50005000
0x000070000b5bc7e0:   00007f8b50005000 000000010568a3a8
0x000070000b5bc7f0:   0000000000000000 000000010568a3a8
0x000070000b5bc800:   000070000b5bc8e8 00007f8b50005000
0x000070000b5bc810:   000070000b5bc860 000000010869ff28
0x000070000b5bc820:   00007f8b50005000 000000010869ff9c
0x000070000b5bc830:   000000150568a3a8 000000010568a3a8
0x000070000b5bc840:   00007f8b4f513480 000070000b5bc8e0
0x000070000b5bc850:   000070000b5bc8e8 00007f8b500051f8
0x000070000b5bc860:   000070000b5bc8c0 0000000108e569f4
0x000070000b5bc870:   0000000108e62223 0000000108e56742
0x000070000b5bc880:   000070000b5bc880 000000010568a3a8
0x000070000b5bc890:   000070000b5bc8e8 000000010568a4c8
0x000070000b5bc8a0:   0000000000000000 000000010568a3a8
0x000070000b5bc8b0:   0000000000000000 000070000b5bc8e0
0x000070000b5bc8c0:   000070000b5bc930 0000000108e472bd
0x000070000b5bc8d0:   0000000000000000 0000000108e50538
0x000070000b5bc8e0:   00000007955f6538 00000007955f6538
0x000070000b5bc8f0:   000070000b5bc8f0 000000010568a45d
0x000070000b5bc900:   000070000b5bc948 000000010568a4c8
0x000070000b5bc910:   0000000000000000 000000010568a470
0x000070000b5bc920:   000070000b5bc8e0 000070000b5bc948
0x000070000b5bc930:   000070000b5bc9b0 0000000108e3f7a7
0x000070000b5bc940:   00000007955f6538 00000007955f1e30 

Instructions: (pc=0x00000001036eeae7)
0x00000001036eeac7:   5d c3 90 55 48 89 e5 48 63 05 c3 8b 5f 00 48 89
0x00000001036eead7:   34 07 5d c3 90 55 48 89 e5 48 63 05 ad 8b 5f 00
0x00000001036eeae7:   48 83 3c 07 00 0f 94 c0 0f b6 c0 5d c3 55 48 89
0x00000001036eeaf7:   e5 48 63 05 99 8b 5f 00 48 8b 04 07 48 85 c0 74 

Register to memory mapping:

RAX=0x0000000000000048 is an unknown value
RBX=0x00007f8b50005000 is a thread
RCX=0x0000000000000028 is an unknown value
RDX=0x0000000000000000 is an unknown value
RSP=0x000070000b5bc750 is pointing into the stack for thread: 0x00007f8b50005000
RBP=0x000070000b5bc750 is pointing into the stack for thread: 0x00007f8b50005000
RSI=0x000000010869ffa6: Java_SimpleClass_changecountvalue+0xf6 in /Users/mythicalhacker/Programs/Integrative/EXP1/libSimpleClass.dylib at 0x000000010869f000
RDI=0x6c43656c706d6953 is an unknown value
R8 =0x0000000000009b68 is an unknown value
R9 =0x00007fff9cebff70: __sFX+0xf0 in /usr/lib/system/libsystem_c.dylib at 0x00007fff93ffd000
R10=0xffffffffffffffff is an unknown value
R11=0x0000000000012068 is an unknown value
R12=0x000000010869ff90: Java_SimpleClass_changecountvalue+0xe0 in /Users/mythicalhacker/Programs/Integrative/EXP1/libSimpleClass.dylib at 0x000000010869f000
R13=0x00007f8b4f4316e0 is an unknown value
R14=0x0000000105ab6320 is an unknown value
R15=0x000000010869ff9c: Java_SimpleClass_changecountvalue+0xec in /Users/mythicalhacker/Programs/Integrative/EXP1/libSimpleClass.dylib at 0x000000010869f000


Stack: [0x000070000b4bd000,0x000070000b5bd000],  sp=0x000070000b5bc750,  free space=1021k
Native frames: (J=compiled Java code, j=interpreted, Vv=VM code, C=native code)
V  [libjvm.dylib+0x2eeae7]  java_lang_Class::is_primitive(oopDesc*)+0xb
V  [libjvm.dylib+0x324e9d]  get_method_id(JNIEnv_*, _jclass*, char const*, char const*, bool, Thread*)+0x8f
V  [libjvm.dylib+0x314c57]  jni_GetMethodID+0x7e
C  [libSimpleClass.dylib+0xf28]  Java_SimpleClass_changecountvalue+0x78
j  SimpleClass.changecountvalue(LSimpleClass;)V+0
j  SimpleClass.main([Ljava/lang/String;)V+29
v  ~StubRoutines::call_stub
V  [libjvm.dylib+0x2edbd2]  JavaCalls::call_helper(JavaValue*, methodHandle*, JavaCallArguments*, Thread*)+0x6ae
V  [libjvm.dylib+0x3249ca]  jni_invoke_static(JNIEnv_*, JavaValue*, _jobject*, JNICallType, _jmethodID*, JNI_ArgumentPusher*, Thread*)+0x1bf
V  [libjvm.dylib+0x31d741]  jni_CallStaticVoidMethod+0x15d
C  [java+0x3931]  JavaMain+0x9c4
C  [libsystem_pthread.dylib+0x393b]  _pthread_body+0xb4
C  [libsystem_pthread.dylib+0x3887]  _pthread_body+0x0
C  [libsystem_pthread.dylib+0x308d]  thread_start+0xd
C  0x0000000000000000

Java frames: (J=compiled Java code, j=interpreted, Vv=VM code)
j  SimpleClass.changecountvalue(LSimpleClass;)V+0
j  SimpleClass.main([Ljava/lang/String;)V+29
v  ~StubRoutines::call_stub

---------------  P R O C E S S  ---------------

Java Threads: ( => current thread )
  0x00007f8b50030800 JavaThread "Service Thread" daemon [_thread_blocked, id=18435, stack(0x000070000c164000,0x000070000c264000)]
  0x00007f8b4f803800 JavaThread "C1 CompilerThread2" daemon [_thread_blocked, id=17923, stack(0x000070000c061000,0x000070000c161000)]
  0x00007f8b4f81a800 JavaThread "C2 CompilerThread1" daemon [_thread_blocked, id=17411, stack(0x000070000bf5e000,0x000070000c05e000)]
  0x00007f8b50082800 JavaThread "C2 CompilerThread0" daemon [_thread_blocked, id=16899, stack(0x000070000be5b000,0x000070000bf5b000)]
  0x00007f8b50081800 JavaThread "Signal Dispatcher" daemon [_thread_blocked, id=16387, stack(0x000070000bd58000,0x000070000be58000)]
  0x00007f8b5005e800 JavaThread "Finalizer" daemon [_thread_blocked, id=12291, stack(0x000070000bbd2000,0x000070000bcd2000)]
  0x00007f8b5005c000 JavaThread "Reference Handler" daemon [_thread_blocked, id=11779, stack(0x000070000bacf000,0x000070000bbcf000)]
=>0x00007f8b50005000 JavaThread "main" [_thread_in_vm, id=6915, stack(0x000070000b4bd000,0x000070000b5bd000)]

Other Threads:
  0x00007f8b4f800800 VMThread [stack: 0x000070000b9cc000,0x000070000bacc000] [id=11267]
  0x00007f8b50083000 WatcherThread [stack: 0x000070000c267000,0x000070000c367000] [id=18947]

VM state:not at safepoint (normal execution)

VM Mutex/Monitor currently owned by a thread: None

Heap:
 PSYoungGen      total 38400K, used 1331K [0x0000000795580000, 0x0000000798000000, 0x00000007c0000000)
  eden space 33280K, 4% used [0x0000000795580000,0x00000007956ccce8,0x0000000797600000)
  from space 5120K, 0% used [0x0000000797b00000,0x0000000797b00000,0x0000000798000000)
  to   space 5120K, 0% used [0x0000000797600000,0x0000000797600000,0x0000000797b00000)
 ParOldGen       total 87552K, used 0K [0x0000000740000000, 0x0000000745580000, 0x0000000795580000)
  object space 87552K, 0% used [0x0000000740000000,0x0000000740000000,0x0000000745580000)
 Metaspace       used 2619K, capacity 4486K, committed 4864K, reserved 1056768K
  class space    used 285K, capacity 386K, committed 512K, reserved 1048576K

Card table byte_map: [0x00000001047b6000,0x0000000104bb7000] byte_map_base: 0x0000000100db6000

Marking Bits: (ParMarkBitMap*) 0x0000000103cf0d30
 Begin Bits: [0x0000000117e3f000, 0x0000000119e3f000)
 End Bits:   [0x0000000119e3f000, 0x000000011be3f000)

Polling page: 0x0000000102bf9000

CodeCache: size=245760Kb used=1087Kb max_used=1087Kb free=244672Kb
 bounds [0x0000000108e3f000, 0x00000001090af000, 0x0000000117e3f000]
 total_blobs=247 nmethods=17 adapters=145
 compilation: enabled

Compilation events (10 events):
Event: 0.253 Thread 0x00007f8b4f803800   13       1       java.lang.ref.Reference::get (5 bytes)
Event: 0.253 Thread 0x00007f8b4f803800 nmethod 13 0x0000000108f4dc50 code [0x0000000108f4dda0, 0x0000000108f4deb0]
Event: 0.258 Thread 0x00007f8b4f803800   14       3       java.lang.String::indexOf (7 bytes)
Event: 0.258 Thread 0x00007f8b4f803800 nmethod 14 0x0000000108f4df10 code [0x0000000108f4e080, 0x0000000108f4e288]
Event: 0.261 Thread 0x00007f8b4f803800   15       1       java.lang.ThreadLocal::access$400 (5 bytes)
Event: 0.261 Thread 0x00007f8b4f803800 nmethod 15 0x0000000108f4e310 code [0x0000000108f4e460, 0x0000000108f4e550]
Event: 0.261 Thread 0x00007f8b4f803800   16       3       java.lang.String::lastIndexOf (52 bytes)
Event: 0.261 Thread 0x00007f8b4f803800 nmethod 16 0x0000000108f4e5d0 code [0x0000000108f4e760, 0x0000000108f4eae8]
Event: 0.263 Thread 0x00007f8b4f803800   17       3       java.lang.System::getSecurityManager (4 bytes)
Event: 0.263 Thread 0x00007f8b4f803800 nmethod 17 0x0000000108f4ec50 code [0x0000000108f4eda0, 0x0000000108f4eef0]

GC Heap History (0 events):
No events

Deoptimization events (0 events):
No events

Internal exceptions (2 events):
Event: 0.153 Thread 0x00007f8b50005000 Exception <a 'java/lang/NoSuchMethodError': Method sun.misc.Unsafe.defineClass(Ljava/lang/String;[BII)Ljava/lang/Class; name or signature does not match> (0x0000000795587c78) thrown at [/Users/java_re/workspace/8-2-build-macosx-x86_64/jdk8u112/7935/hotspo
Event: 0.153 Thread 0x00007f8b50005000 Exception <a 'java/lang/NoSuchMethodError': Method sun.misc.Unsafe.prefetchRead(Ljava/lang/Object;J)V name or signature does not match> (0x0000000795587f60) thrown at [/Users/java_re/workspace/8-2-build-macosx-x86_64/jdk8u112/7935/hotspot/src/share/vm/pri

Events (10 events):
Event: 0.258 loading class java/security/BasicPermissionCollection
Event: 0.258 loading class java/security/BasicPermissionCollection done
Event: 0.258 loading class sun/launcher/LauncherHelper$FXHelper
Event: 0.259 loading class sun/launcher/LauncherHelper$FXHelper done
Event: 0.259 loading class java/lang/Class$MethodArray
Event: 0.259 loading class java/lang/Class$MethodArray done
Event: 0.260 loading class java/lang/Void
Event: 0.260 loading class java/lang/Void done
Event: 0.260 loading class java/lang/ClassLoaderHelper
Event: 0.260 loading class java/lang/ClassLoaderHelper done


Dynamic libraries:
0x000000000944a000 	/System/Library/Frameworks/Cocoa.framework/Versions/A/Cocoa
0x000000000944a000 	/System/Library/Frameworks/Security.framework/Versions/A/Security
0x000000000944a000 	/System/Library/Frameworks/ApplicationServices.framework/Versions/A/ApplicationServices
0x000000000944a000 	/usr/lib/libz.1.dylib
0x000000000944a000 	/usr/lib/libSystem.B.dylib
0x000000000944a000 	/usr/lib/libobjc.A.dylib
0x000000000944a000 	/System/Library/Frameworks/CoreFoundation.framework/Versions/A/CoreFoundation
0x000000000944a000 	/System/Library/Frameworks/Foundation.framework/Versions/C/Foundation
0x000000000944a000 	/System/Library/Frameworks/AppKit.framework/Versions/C/AppKit
0x000000000944a000 	/System/Library/Frameworks/CoreData.framework/Versions/A/CoreData
0x000000000944a000 	/System/Library/PrivateFrameworks/RemoteViewServices.framework/Versions/A/RemoteViewServices
0x000000000944a000 	/System/Library/PrivateFrameworks/UIFoundation.framework/Versions/A/UIFoundation
0x000000000944a000 	/System/Library/PrivateFrameworks/DFRFoundation.framework/Versions/A/DFRFoundation
0x000000000944a000 	/usr/lib/libenergytrace.dylib
0x000000000944a000 	/System/Library/PrivateFrameworks/SkyLight.framework/Versions/A/SkyLight
0x000000000944a000 	/System/Library/Frameworks/CoreGraphics.framework/Versions/A/CoreGraphics
0x000000000944a000 	/usr/lib/libScreenReader.dylib
0x000000000944a000 	/System/Library/Frameworks/Accelerate.framework/Versions/A/Accelerate
0x000000000944a000 	/System/Library/Frameworks/IOSurface.framework/Versions/A/IOSurface
0x000000000944a000 	/System/Library/Frameworks/AudioToolbox.framework/Versions/A/AudioToolbox
0x000000000944a000 	/System/Library/Frameworks/AudioUnit.framework/Versions/A/AudioUnit
0x000000000944a000 	/System/Library/PrivateFrameworks/DataDetectorsCore.framework/Versions/A/DataDetectorsCore
0x000000000944a000 	/System/Library/PrivateFrameworks/DesktopServicesPriv.framework/Versions/A/DesktopServicesPriv
0x000000000944a000 	/System/Library/Frameworks/Carbon.framework/Versions/A/Frameworks/HIToolbox.framework/Versions/A/HIToolbox
0x000000000944a000 	/usr/lib/libicucore.A.dylib
0x000000000944a000 	/System/Library/Frameworks/QuartzCore.framework/Versions/A/QuartzCore
0x000000000944a000 	/System/Library/Frameworks/Carbon.framework/Versions/A/Frameworks/SpeechRecognition.framework/Versions/A/SpeechRecognition
0x000000000944a000 	/usr/lib/libauto.dylib
0x000000000944a000 	/usr/lib/libxml2.2.dylib
0x000000000944a000 	/System/Library/PrivateFrameworks/CoreUI.framework/Versions/A/CoreUI
0x000000000944a000 	/System/Library/Frameworks/CoreAudio.framework/Versions/A/CoreAudio
0x000000000944a000 	/System/Library/Frameworks/DiskArbitration.framework/Versions/A/DiskArbitration
0x000000000944a000 	/usr/lib/liblangid.dylib
0x000000000944a000 	/System/Library/PrivateFrameworks/MultitouchSupport.framework/Versions/A/MultitouchSupport
0x000000000944a000 	/System/Library/Frameworks/IOKit.framework/Versions/A/IOKit
0x000000000944a000 	/usr/lib/libDiagnosticMessagesClient.dylib
0x000000000944a000 	/System/Library/Frameworks/CoreServices.framework/Versions/A/CoreServices
0x000000000944a000 	/System/Library/PrivateFrameworks/PerformanceAnalysis.framework/Versions/A/PerformanceAnalysis
0x000000000944a000 	/System/Library/PrivateFrameworks/GenerationalStorage.framework/Versions/A/GenerationalStorage
0x000000000944a000 	/System/Library/Frameworks/OpenGL.framework/Versions/A/OpenGL
0x000000000944a000 	/System/Library/Frameworks/CoreImage.framework/Versions/A/CoreImage
0x000000000944a000 	/System/Library/Frameworks/CoreText.framework/Versions/A/CoreText
0x000000000944a000 	/System/Library/Frameworks/ImageIO.framework/Versions/A/ImageIO
0x000000000944a000 	/System/Library/PrivateFrameworks/Backup.framework/Versions/A/Backup
0x000000000944a000 	/usr/lib/libarchive.2.dylib
0x000000000944a000 	/System/Library/Frameworks/CFNetwork.framework/Versions/A/CFNetwork
0x000000000944a000 	/System/Library/Frameworks/SystemConfiguration.framework/Versions/A/SystemConfiguration
0x000000000944a000 	/usr/lib/libCRFSuite.dylib
0x000000000944a000 	/usr/lib/libc++.1.dylib
0x000000000944a000 	/usr/lib/libc++abi.dylib
0x000000000944a000 	/usr/lib/system/libcache.dylib
0x000000000944a000 	/usr/lib/system/libcommonCrypto.dylib
0x000000000944a000 	/usr/lib/system/libcompiler_rt.dylib
0x000000000944a000 	/usr/lib/system/libcopyfile.dylib
0x000000000944a000 	/usr/lib/system/libcorecrypto.dylib
0x000000000944a000 	/usr/lib/system/libdispatch.dylib
0x000000000944a000 	/usr/lib/system/libdyld.dylib
0x000000000944a000 	/usr/lib/system/libkeymgr.dylib
0x000000000944a000 	/usr/lib/system/liblaunch.dylib
0x000000000944a000 	/usr/lib/system/libmacho.dylib
0x000000000944a000 	/usr/lib/system/libquarantine.dylib
0x000000000944a000 	/usr/lib/system/libremovefile.dylib
0x000000000944a000 	/usr/lib/system/libsystem_asl.dylib
0x000000000944a000 	/usr/lib/system/libsystem_blocks.dylib
0x000000000944a000 	/usr/lib/system/libsystem_c.dylib
0x000000000944a000 	/usr/lib/system/libsystem_configuration.dylib
0x000000000944a000 	/usr/lib/system/libsystem_coreservices.dylib
0x000000000944a000 	/usr/lib/system/libsystem_coretls.dylib
0x000000000944a000 	/usr/lib/system/libsystem_dnssd.dylib
0x000000000944a000 	/usr/lib/system/libsystem_info.dylib
0x000000000944a000 	/usr/lib/system/libsystem_kernel.dylib
0x000000000944a000 	/usr/lib/system/libsystem_m.dylib
0x000000000944a000 	/usr/lib/system/libsystem_malloc.dylib
0x000000000944a000 	/usr/lib/system/libsystem_network.dylib
0x000000000944a000 	/usr/lib/system/libsystem_networkextension.dylib
0x000000000944a000 	/usr/lib/system/libsystem_notify.dylib
0x000000000944a000 	/usr/lib/system/libsystem_platform.dylib
0x000000000944a000 	/usr/lib/system/libsystem_pthread.dylib
0x000000000944a000 	/usr/lib/system/libsystem_sandbox.dylib
0x000000000944a000 	/usr/lib/system/libsystem_secinit.dylib
0x000000000944a000 	/usr/lib/system/libsystem_symptoms.dylib
0x000000000944a000 	/usr/lib/system/libsystem_trace.dylib
0x000000000944a000 	/usr/lib/system/libunwind.dylib
0x000000000944a000 	/usr/lib/system/libxpc.dylib
0x000000000944a000 	/usr/lib/libbsm.0.dylib
0x000000000944a000 	/usr/lib/system/libkxld.dylib
0x000000000944a000 	/usr/lib/libcoretls.dylib
0x000000000944a000 	/usr/lib/libcoretls_cfhelpers.dylib
0x000000000944a000 	/usr/lib/libOpenScriptingUtil.dylib
0x000000000944a000 	/usr/lib/libpam.2.dylib
0x000000000944a000 	/usr/lib/libsqlite3.dylib
0x000000000944a000 	/usr/lib/libxar.1.dylib
0x000000000944a000 	/usr/lib/libbz2.1.0.dylib
0x000000000944a000 	/usr/lib/liblzma.5.dylib
0x000000000944a000 	/usr/lib/libnetwork.dylib
0x000000000944a000 	/usr/lib/libpcap.A.dylib
0x000000000944a000 	/System/Library/Frameworks/CoreServices.framework/Versions/A/Frameworks/FSEvents.framework/Versions/A/FSEvents
0x000000000944a000 	/System/Library/Frameworks/CoreServices.framework/Versions/A/Frameworks/CarbonCore.framework/Versions/A/CarbonCore
0x000000000944a000 	/System/Library/Frameworks/CoreServices.framework/Versions/A/Frameworks/Metadata.framework/Versions/A/Metadata
0x000000000944a000 	/System/Library/Frameworks/CoreServices.framework/Versions/A/Frameworks/OSServices.framework/Versions/A/OSServices
0x000000000944a000 	/System/Library/Frameworks/CoreServices.framework/Versions/A/Frameworks/SearchKit.framework/Versions/A/SearchKit
0x000000000944a000 	/System/Library/Frameworks/CoreServices.framework/Versions/A/Frameworks/AE.framework/Versions/A/AE
0x000000000944a000 	/System/Library/Frameworks/CoreServices.framework/Versions/A/Frameworks/LaunchServices.framework/Versions/A/LaunchServices
0x000000000944a000 	/System/Library/Frameworks/CoreServices.framework/Versions/A/Frameworks/DictionaryServices.framework/Versions/A/DictionaryServices
0x000000000944a000 	/System/Library/Frameworks/CoreServices.framework/Versions/A/Frameworks/SharedFileList.framework/Versions/A/SharedFileList
0x000000000944a000 	/System/Library/Frameworks/NetFS.framework/Versions/A/NetFS
0x000000000944a000 	/System/Library/PrivateFrameworks/NetAuth.framework/Versions/A/NetAuth
0x000000000944a000 	/System/Library/PrivateFrameworks/login.framework/Versions/A/Frameworks/loginsupport.framework/Versions/A/loginsupport
0x000000000944a000 	/System/Library/PrivateFrameworks/TCC.framework/Versions/A/TCC
0x000000000944a000 	/usr/lib/libmecabra.dylib
0x000000000944a000 	/System/Library/Frameworks/ApplicationServices.framework/Versions/A/Frameworks/ATS.framework/Versions/A/ATS
0x000000000944a000 	/System/Library/Frameworks/ApplicationServices.framework/Versions/A/Frameworks/ColorSync.framework/Versions/A/ColorSync
0x000000000944a000 	/System/Library/Frameworks/ApplicationServices.framework/Versions/A/Frameworks/HIServices.framework/Versions/A/HIServices
0x000000000944a000 	/System/Library/Frameworks/ApplicationServices.framework/Versions/A/Frameworks/LangAnalysis.framework/Versions/A/LangAnalysis
0x000000000944a000 	/System/Library/Frameworks/ApplicationServices.framework/Versions/A/Frameworks/PrintCore.framework/Versions/A/PrintCore
0x000000000944a000 	/System/Library/Frameworks/ApplicationServices.framework/Versions/A/Frameworks/QD.framework/Versions/A/QD
0x000000000944a000 	/System/Library/Frameworks/ApplicationServices.framework/Versions/A/Frameworks/SpeechSynthesis.framework/Versions/A/SpeechSynthesis
0x000000000944a000 	/System/Library/Frameworks/Accelerate.framework/Versions/A/Frameworks/vImage.framework/Versions/A/vImage
0x000000000944a000 	/System/Library/Frameworks/Accelerate.framework/Versions/A/Frameworks/vecLib.framework/Versions/A/vecLib
0x000000000944a000 	/System/Library/Frameworks/Accelerate.framework/Versions/A/Frameworks/vecLib.framework/Versions/A/libvDSP.dylib
0x000000000944a000 	/System/Library/Frameworks/Accelerate.framework/Versions/A/Frameworks/vecLib.framework/Versions/A/libBNNS.dylib
0x000000000944a000 	/System/Library/Frameworks/Accelerate.framework/Versions/A/Frameworks/vecLib.framework/Versions/A/libQuadrature.dylib
0x000000000944a000 	/System/Library/Frameworks/Accelerate.framework/Versions/A/Frameworks/vecLib.framework/Versions/A/libvMisc.dylib
0x000000000944a000 	/System/Library/Frameworks/Accelerate.framework/Versions/A/Frameworks/vecLib.framework/Versions/A/libLAPACK.dylib
0x000000000944a000 	/System/Library/Frameworks/Accelerate.framework/Versions/A/Frameworks/vecLib.framework/Versions/A/libBLAS.dylib
0x000000000944a000 	/System/Library/Frameworks/Accelerate.framework/Versions/A/Frameworks/vecLib.framework/Versions/A/libLinearAlgebra.dylib
0x000000000944a000 	/System/Library/Frameworks/Accelerate.framework/Versions/A/Frameworks/vecLib.framework/Versions/A/libSparseBLAS.dylib
0x000000000944a000 	/System/Library/Frameworks/ApplicationServices.framework/Versions/A/Frameworks/ATS.framework/Versions/A/Resources/libFontParser.dylib
0x000000000944a000 	/System/Library/Frameworks/ApplicationServices.framework/Versions/A/Frameworks/ATS.framework/Versions/A/Resources/libFontRegistry.dylib
0x000000000944a000 	/System/Library/Frameworks/ImageIO.framework/Versions/A/Resources/libJPEG.dylib
0x000000000944a000 	/System/Library/Frameworks/ImageIO.framework/Versions/A/Resources/libTIFF.dylib
0x000000000944a000 	/System/Library/Frameworks/ImageIO.framework/Versions/A/Resources/libPng.dylib
0x000000000944a000 	/System/Library/Frameworks/ImageIO.framework/Versions/A/Resources/libGIF.dylib
0x000000000944a000 	/System/Library/Frameworks/ImageIO.framework/Versions/A/Resources/libJP2.dylib
0x000000000944a000 	/System/Library/Frameworks/ImageIO.framework/Versions/A/Resources/libRadiance.dylib
0x000000000944a000 	/usr/lib/libcompression.dylib
0x000000000944a000 	/System/Library/PrivateFrameworks/AppleJPEG.framework/Versions/A/AppleJPEG
0x000000000944a000 	/usr/lib/libcups.2.dylib
0x000000000944a000 	/System/Library/Frameworks/Kerberos.framework/Versions/A/Kerberos
0x000000000944a000 	/System/Library/Frameworks/GSS.framework/Versions/A/GSS
0x000000000944a000 	/usr/lib/libresolv.9.dylib
0x000000000944a000 	/usr/lib/libiconv.2.dylib
0x000000000944a000 	/System/Library/PrivateFrameworks/Heimdal.framework/Versions/A/Heimdal
0x000000000944a000 	/usr/lib/libheimdal-asn1.dylib
0x000000000944a000 	/System/Library/Frameworks/OpenDirectory.framework/Versions/A/OpenDirectory
0x000000000944a000 	/System/Library/PrivateFrameworks/CommonAuth.framework/Versions/A/CommonAuth
0x000000000944a000 	/System/Library/Frameworks/OpenDirectory.framework/Versions/A/Frameworks/CFOpenDirectory.framework/Versions/A/CFOpenDirectory
0x000000000944a000 	/System/Library/Frameworks/SecurityFoundation.framework/Versions/A/SecurityFoundation
0x000000000944a000 	/System/Library/PrivateFrameworks/LanguageModeling.framework/Versions/A/LanguageModeling
0x000000000944a000 	/usr/lib/libmarisa.dylib
0x000000000944a000 	/usr/lib/libChineseTokenizer.dylib
0x000000000944a000 	/usr/lib/libcmph.dylib
0x000000000944a000 	/System/Library/PrivateFrameworks/CoreEmoji.framework/Versions/A/CoreEmoji
0x000000000944a000 	/System/Library/Frameworks/ServiceManagement.framework/Versions/A/ServiceManagement
0x000000000944a000 	/usr/lib/libxslt.1.dylib
0x000000000944a000 	/System/Library/Frameworks/Carbon.framework/Versions/A/Frameworks/Ink.framework/Versions/A/Ink
0x000000000944a000 	/System/Library/PrivateFrameworks/TextureIO.framework/Versions/A/TextureIO
0x000000000944a000 	/System/Library/Frameworks/Metal.framework/Versions/A/Metal
0x000000000944a000 	/usr/lib/libate.dylib
0x000000000944a000 	/System/Library/PrivateFrameworks/GPUCompiler.framework/libmetal_timestamp.dylib
0x000000000944a000 	/System/Library/Frameworks/OpenGL.framework/Versions/A/Libraries/libCoreFSCache.dylib
0x000000000944a000 	/System/Library/PrivateFrameworks/IOAccelerator.framework/Versions/A/IOAccelerator
0x000000000944a000 	/System/Library/Frameworks/CoreVideo.framework/Versions/A/CoreVideo
0x000000000944a000 	/usr/lib/libFosl_dynamic.dylib
0x000000000944a000 	/System/Library/PrivateFrameworks/MetalPerformanceShaders.framework/Versions/A/MetalPerformanceShaders
0x000000000944a000 	/System/Library/PrivateFrameworks/FaceCore.framework/Versions/A/FaceCore
0x000000000944a000 	/System/Library/Frameworks/OpenCL.framework/Versions/A/OpenCL
0x000000000944a000 	/System/Library/Frameworks/OpenGL.framework/Versions/A/Libraries/libGLU.dylib
0x000000000944a000 	/System/Library/Frameworks/OpenGL.framework/Versions/A/Libraries/libGFXShared.dylib
0x000000000944a000 	/System/Library/Frameworks/OpenGL.framework/Versions/A/Libraries/libGL.dylib
0x000000000944a000 	/System/Library/Frameworks/OpenGL.framework/Versions/A/Libraries/libGLImage.dylib
0x000000000944a000 	/System/Library/Frameworks/OpenGL.framework/Versions/A/Libraries/libCVMSPluginSupport.dylib
0x000000000944a000 	/System/Library/Frameworks/OpenGL.framework/Versions/A/Libraries/libCoreVMClient.dylib
0x000000000944a000 	/System/Library/PrivateFrameworks/CrashReporterSupport.framework/Versions/A/CrashReporterSupport
0x000000000944a000 	/System/Library/PrivateFrameworks/Sharing.framework/Versions/A/Sharing
0x000000000944a000 	/System/Library/PrivateFrameworks/IconServices.framework/Versions/A/IconServices
0x000000000944a000 	/System/Library/PrivateFrameworks/ProtocolBuffer.framework/Versions/A/ProtocolBuffer
0x000000000944a000 	/System/Library/PrivateFrameworks/Apple80211.framework/Versions/A/Apple80211
0x000000000944a000 	/System/Library/Frameworks/CoreWLAN.framework/Versions/A/CoreWLAN
0x000000000944a000 	/System/Library/PrivateFrameworks/CoreUtils.framework/Versions/A/CoreUtils
0x000000000944a000 	/System/Library/Frameworks/IOBluetooth.framework/Versions/A/IOBluetooth
0x000000000944a000 	/System/Library/PrivateFrameworks/CoreWiFi.framework/Versions/A/CoreWiFi
0x000000000944a000 	/System/Library/Frameworks/CoreBluetooth.framework/Versions/A/CoreBluetooth
0x000000000944a000 	/System/Library/Frameworks/CoreDisplay.framework/Versions/A/CoreDisplay
0x000000000944a000 	/System/Library/PrivateFrameworks/IOPresentment.framework/Versions/A/IOPresentment
0x000000000944a000 	/System/Library/PrivateFrameworks/DSExternalDisplay.framework/Versions/A/DSExternalDisplay
0x000000000944a000 	/System/Library/PrivateFrameworks/DebugSymbols.framework/Versions/A/DebugSymbols
0x000000000944a000 	/System/Library/PrivateFrameworks/CoreSymbolication.framework/Versions/A/CoreSymbolication
0x000000000944a000 	/System/Library/PrivateFrameworks/Symbolication.framework/Versions/A/Symbolication
0x000000000944a000 	/System/Library/PrivateFrameworks/AppleFSCompression.framework/Versions/A/AppleFSCompression
0x000000000944a000 	/System/Library/PrivateFrameworks/SpeechRecognitionCore.framework/Versions/A/SpeechRecognitionCore
0x000000000944a000 	/System/Library/PrivateFrameworks/ChunkingLibrary.framework/Versions/A/ChunkingLibrary
0x0000000103400000 	/Library/Java/JavaVirtualMachines/jdk1.8.0_112.jdk/Contents/Home/jre/lib/server/libjvm.dylib
0x000000000944a000 	/usr/lib/libstdc++.6.dylib
0x00000001043a2000 	/Library/Java/JavaVirtualMachines/jdk1.8.0_112.jdk/Contents/Home/jre/lib/libverify.dylib
0x00000001043b0000 	/Library/Java/JavaVirtualMachines/jdk1.8.0_112.jdk/Contents/Home/jre/lib/libjava.dylib
0x00000001043ed000 	/Library/Java/JavaVirtualMachines/jdk1.8.0_112.jdk/Contents/Home/jre/lib/libzip.dylib
0x0000000106d58000 	/System/Library/Frameworks/JavaVM.framework/Frameworks/JavaRuntimeSupport.framework/JavaRuntimeSupport
0x0000000106d72000 	/System/Library/Frameworks/JavaVM.framework/Versions/A/Frameworks/JavaNativeFoundation.framework/Versions/A/JavaNativeFoundation
0x0000000106d87000 	/System/Library/Frameworks/JavaVM.framework/Versions/A/JavaVM
0x000000000944a000 	/System/Library/Frameworks/Carbon.framework/Versions/A/Carbon
0x0000000106d94000 	/System/Library/PrivateFrameworks/JavaLaunching.framework/Versions/A/JavaLaunching
0x000000000944a000 	/System/Library/Frameworks/Carbon.framework/Versions/A/Frameworks/CommonPanels.framework/Versions/A/CommonPanels
0x000000000944a000 	/System/Library/Frameworks/Carbon.framework/Versions/A/Frameworks/Help.framework/Versions/A/Help
0x000000000944a000 	/System/Library/Frameworks/Carbon.framework/Versions/A/Frameworks/ImageCapture.framework/Versions/A/ImageCapture
0x000000000944a000 	/System/Library/Frameworks/Carbon.framework/Versions/A/Frameworks/OpenScripting.framework/Versions/A/OpenScripting
0x000000000944a000 	/System/Library/Frameworks/Carbon.framework/Versions/A/Frameworks/Print.framework/Versions/A/Print
0x000000000944a000 	/System/Library/Frameworks/Carbon.framework/Versions/A/Frameworks/SecurityHI.framework/Versions/A/SecurityHI
0x000000010869f000 	/Users/mythicalhacker/Programs/Integrative/EXP1/libSimpleClass.dylib

VM Arguments:
java_command: SimpleClass
java_class_path (initial): .
Launcher Type: SUN_STANDARD

Environment Variables:
PATH=/Users/mythicalhacker/.rvm/gems/ruby-2.4.0/bin:/Users/mythicalhacker/.rvm/gems/ruby-2.4.0@global/bin:/Users/mythicalhacker/.rvm/rubies/ruby-2.4.0/bin:/Users/mythicalhacker/.nvm/versions/node/v7.5.0/bin:/opt/local/bin:/opt/local/sbin:/usr/local/bin:/usr/bin:/bin:/usr/sbin:/sbin:/Users/mythicalhacker/.rvm/bin
SHELL=/bin/bash

Signal Handlers:
SIGSEGV: [libjvm.dylib+0x5b11a5], sa_mask[0]=11111111011111110111111111111111, sa_flags=SA_ONSTACK|SA_RESTART|SA_SIGINFO
SIGBUS: [libjvm.dylib+0x5b11a5], sa_mask[0]=11111111011111110111111111111111, sa_flags=SA_RESTART|SA_SIGINFO
SIGFPE: [libjvm.dylib+0x487dc0], sa_mask[0]=11111111011111110111111111111111, sa_flags=SA_RESTART|SA_SIGINFO
SIGPIPE: [libjvm.dylib+0x487dc0], sa_mask[0]=11111111011111110111111111111111, sa_flags=SA_RESTART|SA_SIGINFO
SIGXFSZ: [libjvm.dylib+0x487dc0], sa_mask[0]=11111111011111110111111111111111, sa_flags=SA_RESTART|SA_SIGINFO
SIGILL: [libjvm.dylib+0x487dc0], sa_mask[0]=11111111011111110111111111111111, sa_flags=SA_RESTART|SA_SIGINFO
SIGUSR1: SIG_DFL, sa_mask[0]=11011111011111100000000111000110, sa_flags=none
SIGUSR2: [libjvm.dylib+0x4878de], sa_mask[0]=00000000000000000000000000000000, sa_flags=SA_RESTART|SA_SIGINFO
SIGHUP: [libjvm.dylib+0x485eb5], sa_mask[0]=11111111011111110111111111111111, sa_flags=SA_RESTART|SA_SIGINFO
SIGINT: [libjvm.dylib+0x485eb5], sa_mask[0]=11111111011111110111111111111111, sa_flags=SA_RESTART|SA_SIGINFO
SIGTERM: [libjvm.dylib+0x485eb5], sa_mask[0]=11111111011111110111111111111111, sa_flags=SA_RESTART|SA_SIGINFO
SIGQUIT: [libjvm.dylib+0x485eb5], sa_mask[0]=11111111011111110111111111111111, sa_flags=SA_RESTART|SA_SIGINFO


---------------  S Y S T E M  ---------------

OS:Bsduname:Darwin 16.7.0 Darwin Kernel Version 16.7.0: Thu Jun 15 17:36:27 PDT 2017; root:xnu-3789.70.16~2/RELEASE_X86_64 x86_64
rlimit: STACK 8192k, CORE 0k, NPROC 709, NOFILE 10240, AS infinity
load average:1.84 2.94 2.63

CPU:total 4 (2 cores per cpu, 2 threads per core) family 6 model 78 stepping 3, cmov, cx8, fxsr, mmx, sse, sse2, sse3, ssse3, sse4.1, sse4.2, popcnt, avx, avx2, aes, clmul, erms, rtm, 3dnowpref, lzcnt, ht, tsc, tscinvbit, bmi1, bmi2, adx

Memory: 4k page, physical 8388608k(4153556k free)

/proc/meminfo:


vm_info: Java HotSpot(TM) 64-Bit Server VM (25.112-b16) for bsd-amd64 JRE (1.8.0_112-b16), built on Sep 30 2016 22:41:41 by "java_re" with gcc 4.2.1 (Based on Apple Inc. build 5658) (LLVM build 2336.11.00)

time: Wed Aug  2 08:17:42 2017
elapsed time: 0 seconds (0d 0h 0m 0s)

